{
  "RSpec": {
    "coverage": {
      "C:/projects/user-authentication/spec/controllers/authentication_controller_spec.rb": {
        "lines": [
          1,
          null,
          1,
          null,
          1,
          7,
          null,
          1,
          1,
          4,
          null,
          null,
          1,
          1,
          null,
          null,
          1,
          1,
          null,
          null,
          1,
          1,
          null,
          null,
          1,
          1,
          null,
          null,
          null,
          null,
          1,
          1,
          2,
          null,
          null,
          1,
          1,
          null,
          null,
          1,
          1,
          null,
          null,
          null,
          null,
          null,
          1,
          3,
          3,
          null,
          1,
          2,
          2,
          null,
          null,
          1,
          1,
          null,
          null,
          1,
          1,
          null,
          null,
          null
        ]
      },
      "C:/projects/user-authentication/spec/rails_helper.rb": {
        "lines": [
          null,
          1,
          1,
          1,
          null,
          1,
          1,
          null,
          null,
          null,
          null,
          null,
          null,
          null,
          null,
          null,
          null,
          null,
          null,
          null,
          null,
          null,
          2,
          null,
          null,
          null,
          null,
          1,
          null,
          0,
          null,
          1,
          null,
          1,
          null,
          null,
          null,
          null,
          null,
          null,
          1,
          null,
          null,
          null,
          null,
          null,
          null,
          null,
          null,
          null,
          null,
          null,
          null,
          null,
          null,
          null,
          null,
          null,
          1,
          null,
          null,
          1,
          null,
          null,
          null
        ]
      },
      "C:/projects/user-authentication/config/environment.rb": {
        "lines": [
          null,
          1,
          null,
          null,
          1
        ]
      },
      "C:/projects/user-authentication/config/application.rb": {
        "lines": [
          1,
          null,
          1,
          null,
          null,
          null,
          1,
          null,
          1,
          1,
          null,
          1,
          null,
          null,
          null,
          null,
          1,
          null,
          null,
          null,
          null,
          null,
          null,
          null,
          null,
          null,
          null,
          null,
          null,
          1,
          null,
          null
        ]
      },
      "C:/projects/user-authentication/config/boot.rb": {
        "lines": [
          1,
          null,
          1,
          1
        ]
      },
      "C:/projects/user-authentication/config/environments/test.rb": {
        "lines": [
          1,
          null,
          null,
          null,
          null,
          null,
          null,
          1,
          null,
          null,
          null,
          1,
          null,
          null,
          null,
          null,
          null,
          1,
          null,
          null,
          1,
          1,
          null,
          null,
          null,
          null,
          1,
          1,
          1,
          null,
          null,
          1,
          null,
          null,
          1,
          null,
          null,
          1,
          null,
          1,
          null,
          null,
          null,
          null,
          1,
          null,
          null,
          1,
          null,
          null,
          1,
          null,
          null,
          1,
          null,
          null,
          null,
          null,
          null,
          null,
          null,
          null,
          1,
          null
        ]
      },
      "C:/projects/user-authentication/config/initializers/cors.rb": {
        "lines": [
          null,
          null,
          null,
          null,
          null,
          null,
          null,
          null,
          null,
          null,
          null,
          null,
          null,
          null,
          null,
          null
        ]
      },
      "C:/projects/user-authentication/config/initializers/filter_parameter_logging.rb": {
        "lines": [
          null,
          null,
          null,
          null,
          null,
          1,
          null,
          null
        ]
      },
      "C:/projects/user-authentication/config/initializers/inflections.rb": {
        "lines": [
          null,
          null,
          null,
          null,
          null,
          null,
          null,
          null,
          null,
          null,
          null,
          null,
          null,
          null,
          null,
          null
        ]
      },
      "C:/projects/user-authentication/spec/factories/users.rb": {
        "lines": [
          1,
          1,
          15,
          15,
          7,
          9,
          15,
          null,
          null
        ]
      },
      "C:/projects/user-authentication/config/routes.rb": {
        "lines": [
          1,
          1,
          1,
          1,
          null,
          1,
          null
        ]
      },
      "C:/projects/user-authentication/spec/support/factory_bot.rb": {
        "lines": [
          1,
          1,
          null
        ]
      },
      "C:/projects/user-authentication/app/controllers/authentication_controller.rb": {
        "lines": [
          1,
          1,
          null,
          1,
          6,
          null,
          null,
          6,
          4,
          4,
          4,
          null,
          null,
          2,
          null,
          null,
          null,
          1,
          2,
          null,
          null,
          1,
          1,
          0,
          null,
          null
        ]
      },
      "C:/projects/user-authentication/app/controllers/application_controller.rb": {
        "lines": [
          1,
          1,
          null,
          null,
          1,
          4,
          4,
          null,
          4,
          4,
          null,
          0,
          null,
          0,
          null,
          null,
          null
        ]
      },
      "C:/projects/user-authentication/spec/controllers/users_controller_spec.rb": {
        "lines": [
          1,
          null,
          1,
          null,
          1,
          1,
          null,
          3,
          null,
          1,
          2,
          null,
          null,
          1,
          1,
          null,
          null,
          1,
          1,
          null,
          null,
          null,
          1,
          3,
          null,
          1,
          2,
          null,
          null,
          1,
          1,
          null,
          null,
          1,
          1,
          null,
          null,
          null,
          null,
          null,
          null,
          null,
          1,
          3,
          3,
          null,
          1,
          2,
          2,
          null,
          null,
          1,
          1,
          null,
          null,
          1,
          1,
          null,
          null,
          null,
          null
        ]
      },
      "C:/projects/user-authentication/app/controllers/users_controller.rb": {
        "lines": [
          1,
          1,
          null,
          1,
          4,
          4,
          2,
          null,
          2,
          null,
          null,
          null,
          null,
          null,
          1,
          2,
          2,
          null,
          null,
          null,
          1,
          1,
          4,
          null,
          null,
          null,
          null
        ]
      },
      "C:/projects/user-authentication/app/models/user.rb": {
        "lines": [
          1,
          1,
          null,
          1,
          1,
          1,
          1,
          null,
          14,
          null
        ]
      },
      "C:/projects/user-authentication/app/models/application_record.rb": {
        "lines": [
          1,
          1,
          null
        ]
      },
      "C:/projects/user-authentication/lib/json_web_token.rb": {
        "lines": [
          1,
          null,
          1,
          null,
          null,
          null,
          1,
          null,
          8,
          null,
          null,
          8,
          null,
          null,
          1,
          4,
          null,
          null,
          null,
          4,
          null,
          null
        ]
      }
    },
    "timestamp": 1706766658
  }
}
